<?xml version="1.0" encoding="UTF-8"?>
<!-- Generated by org.testng.reporters.JUnitReportReporter -->
<testsuite skipped="0" hostname="DSK-885" name="com.orangehrmselenium.testcases.HomePageTest" tests="1" failures="0" timestamp="29 Nov 2018 10:23:20 GMT" time="13.127" errors="0">
  <testcase name="verifyTitle" time="13.127" classname="com.orangehrmselenium.testcases.HomePageTest"/>
</testsuite> <!-- com.orangehrmselenium.testcases.HomePageTest -->
