<?xml version="1.0" encoding="UTF-8"?>
<!-- Generated by org.testng.reporters.JUnitReportReporter -->
<testsuite skipped="0" hostname="DSK-885" name="com.orangehrmselenium.testcases.LoginPageTest" tests="1" failures="0" timestamp="04 Dec 2018 12:39:27 GMT" time="9.853" errors="0">
  <testcase name="verifypageTitle" time="9.853" classname="com.orangehrmselenium.testcases.LoginPageTest"/>
</testsuite> <!-- com.orangehrmselenium.testcases.LoginPageTest -->
