<?xml version="1.0" encoding="UTF-8"?>
<!-- Generated by org.testng.reporters.JUnitReportReporter -->
<testsuite skipped="0" hostname="DSK-885" name="com.orangehrmselenium.testcases.LoginPageTest" tests="1" failures="0" timestamp="29 Nov 2018 10:23:20 GMT" time="11.950" errors="0">
  <testcase name="verifypageTitle" time="11.950" classname="com.orangehrmselenium.testcases.LoginPageTest"/>
</testsuite> <!-- com.orangehrmselenium.testcases.LoginPageTest -->
