<?xml version="1.0" encoding="UTF-8"?>
<!-- Generated by org.testng.reporters.JUnitReportReporter -->
<testsuite skipped="0" hostname="DSK-885" name="com.orangehrmselenium.testcases.AddUserPageTest" tests="4" failures="0" timestamp="28 Nov 2018 12:46:53 GMT" time="69.189" errors="0">
  <testcase name="VerifyPagDisplayed" time="16.712" classname="com.orangehrmselenium.testcases.AddUserPageTest"/>
  <testcase name="validateCreateNewUser" time="18.232" classname="com.orangehrmselenium.testcases.AddUserPageTest"/>
  <testcase name="validateCreateNewUser" time="17.503" classname="com.orangehrmselenium.testcases.AddUserPageTest"/>
  <testcase name="validateCreateNewUser" time="16.742" classname="com.orangehrmselenium.testcases.AddUserPageTest"/>
</testsuite> <!-- com.orangehrmselenium.testcases.AddUserPageTest -->
