<?xml version="1.0" encoding="UTF-8"?>
<!-- Generated by org.testng.reporters.JUnitReportReporter -->
<testsuite skipped="0" hostname="DSK-885" name="com.orangehrmselenium.testcases.HomePageTest" tests="1" failures="0" timestamp="04 Dec 2018 10:47:52 GMT" time="15.858" errors="0">
  <testcase name="verifyTitle" time="15.858" classname="com.orangehrmselenium.testcases.HomePageTest"/>
</testsuite> <!-- com.orangehrmselenium.testcases.HomePageTest -->
