<?xml version="1.0" encoding="UTF-8"?>
<!-- Generated by org.testng.reporters.JUnitReportReporter -->
<testsuite skipped="0" hostname="DSK-885" name="com.orangehrmselenium.testcases.LoginPageTest" tests="1" failures="0" timestamp="04 Dec 2018 10:47:52 GMT" time="10.081" errors="0">
  <testcase name="verifypageTitle" time="10.081" classname="com.orangehrmselenium.testcases.LoginPageTest"/>
</testsuite> <!-- com.orangehrmselenium.testcases.LoginPageTest -->
